{"level":"error","message":"Error: Input code does not match specified source language, Input: \"please\", SourceLanguage: cplusplus, DetectedLanguage: python, DesiredLanguage: java","timestamp":"2024-03-23T14:35:41.000Z"}
{"level":"error","message":"Error: Input code does not match specified source language, Input: \"pleaseeeeeeee\", SourceLanguage: javascript, DetectedLanguage: python, DesiredLanguage: csharp","timestamp":"2024-03-24T15:21:28.768Z"}
{"level":"error","message":"Error: Input code does not match specified source language, Input: \"another one\", SourceLanguage: javascript, DetectedLanguage: python, DesiredLanguage: csharp","timestamp":"2024-03-24T15:21:40.338Z"}
{"level":"error","message":"Error: Input code does not match specified source language, Input: \"public class Die {\\r\\n    private final int MAX &#61; 6; &#47;&#47; maximum face value\\r\\n    private int faceValue; &#47;&#47; current value showing on the die\\r\\n    &#47;&#47;-----------------------------------------------------------------\\r\\n&#47;&#47; Constructor: Sets the initial face value.\\r\\n&#47;&#47;-----------------------------------------------------------------\\r\\n    public Die()\\r\\n    {\\r\\n        faceValue &#61; 1;\\r\\n    }\\r\\n\\r\\n    &#47;&#47;-----------------------------------------------------------------\\r\\n&#47;&#47; Rolls the die and returns the result.\\r\\n&#47;&#47;-----------------------------------------------------------------\\r\\n    public int roll()\\r\\n    {\\r\\n        faceValue &#61; (int)(Math.random() &#42; MAX) + 1;\\r\\n        return faceValue;\\r\\n    }\\r\\n    &#47;&#47;-----------------------------------------------------------------\\r\\n&#47;&#47; Face value mutator.\\r\\n&#47;&#47;-----------------------------------------------------------------\\r\\n    public void setFaceValue(int value)\\r\\n    {\\r\\n        faceValue &#61; value;\\r\\n    }\\r\\n    &#47;&#47;-----------------------------------------------------------------\\r\\n&#47;&#47; Face value accessor.\\r\\n&#47;&#47;-----------------------------------------------------------------\\r\\n    public int getFaceValue()\\r\\n    {\\r\\n        return faceValue;\\r\\n    }\\r\\n\\r\\n    &#47;&#47;-----------------------------------------------------------------\\r\\n&#47;&#47; Returns a string representation of this die.\\r\\n&#47;&#47;-----------------------------------------------------------------\\r\\n    public String toString()\\r\\n    {\\r\\n        String result &#61; Integer.toString(faceValue);\\r\\n        return result;\\r\\n    }\\r\\n}\", SourceLanguage: javascript, DetectedLanguage: python, DesiredLanguage: csharp","timestamp":"2024-03-24T15:22:09.761Z"}
{"level":"error","message":"Error: Input code does not match specified source language, Input: the fitnessgram pacer test, SourceLanguage: python, DetectedLanguage: undefined, DesiredLanguage: c","timestamp":"2024-03-26T19:48:41.448Z"}
{"level":"error","message":"Error: Input code does not match specified source language, Input: language mismatch, SourceLanguage: cplusplus, DetectedLanguage: python, DesiredLanguage: java","timestamp":"2024-03-26T19:48:41.450Z"}
{"level":"error","message":"Error: Input code does not match specified source language, Input: \"skjaskfjbsifkb\", SourceLanguage: python, DetectedLanguage: python, DesiredLanguage: cplusplus","timestamp":"2024-03-26T20:03:55.305Z"}
{"level":"error","message":"Error: Input code does not match specified source language, Input: \"skjaskfjbsifkb\", SourceLanguage: python, DetectedLanguage: python, DesiredLanguage: cplusplus","timestamp":"2024-03-26T20:06:24.704Z"}
{"level":"error","message":"Error: Input code does not match specified source language, Input: \"jsbakfnkanf\", SourceLanguage: python, DetectedLanguage: python, DesiredLanguage: cplusplus","timestamp":"2024-03-26T20:37:48.102Z"}
{"level":"error","message":"Error: Input code does not match specified source language, Input: the fitnessgram pacer test, SourceLanguage: python, DetectedLanguage: undefined, DesiredLanguage: c","timestamp":"2024-03-26T21:42:13.371Z"}
{"level":"error","message":"Error: Input code does not match specified source language, Input: language mismatch, SourceLanguage: cplusplus, DetectedLanguage: python, DesiredLanguage: java","timestamp":"2024-03-26T21:42:13.376Z"}
{"level":"error","message":"Error: Input code does not match specified source language, Input: the fitnessgram pacer test, SourceLanguage: python, DetectedLanguage: undefined, DesiredLanguage: c","timestamp":"2024-03-26T21:44:29.458Z"}
{"level":"error","message":"Error: Input code does not match specified source language, Input: language mismatch, SourceLanguage: cplusplus, DetectedLanguage: python, DesiredLanguage: java","timestamp":"2024-03-26T21:44:29.463Z"}
{"level":"error","message":"Error: Input code does not match specified source language, Input: the fitnessgram pacer test, SourceLanguage: python, DetectedLanguage: undefined, DesiredLanguage: c","timestamp":"2024-03-26T21:45:30.678Z"}
{"level":"error","message":"Error: Input code does not match specified source language, Input: language mismatch, SourceLanguage: cplusplus, DetectedLanguage: python, DesiredLanguage: java","timestamp":"2024-03-26T21:45:30.682Z"}
{"level":"error","message":"Error: Input code does not match specified source language, Input: the fitnessgram pacer test, SourceLanguage: python, DetectedLanguage: undefined, DesiredLanguage: c","timestamp":"2024-03-26T21:45:52.294Z"}
{"level":"error","message":"Error: Input code does not match specified source language, Input: language mismatch, SourceLanguage: cplusplus, DetectedLanguage: python, DesiredLanguage: java","timestamp":"2024-03-26T21:45:52.301Z"}
{"level":"error","message":"Error: Input code does not match specified source language, Input: language mismatch, SourceLanguage: cplusplus, DetectedLanguage: python, DesiredLanguage: java","timestamp":"2024-03-26T21:46:25.464Z"}
{"level":"error","message":"Error: Input code does not match specified source language, Input: language mismatch, SourceLanguage: cplusplus, DetectedLanguage: python, DesiredLanguage: java","timestamp":"2024-03-26T21:47:24.689Z"}
{"level":"error","message":"Error: Input code does not match specified source language, Input: \"asdaSDIAygduyiADGYUIAsduiyas\", SourceLanguage: python, DetectedLanguage: \"AHHHHH\", DesiredLanguage: java","timestamp":"2024-03-26T21:55:30.447Z"}
{"level":"error","message":"Error: Input code does not match specified source language, Input: the fitnessgram pacer test, SourceLanguage: python, DetectedLanguage: \"AHHHHH\", DesiredLanguage: c","timestamp":"2024-03-26T21:55:54.100Z"}
{"level":"error","message":"Error: Input code does not match specified source language, Input: language mismatch, SourceLanguage: cplusplus, DetectedLanguage: python, DesiredLanguage: java","timestamp":"2024-03-26T21:55:54.103Z"}
{"level":"error","message":"Error: Input code does not match specified source language, Input: \"hi\", SourceLanguage: python, DetectedLanguage: \"AHHHHH\", DesiredLanguage: cplusplus","timestamp":"2024-03-26T22:07:32.877Z"}
{"level":"error","message":"Error: Input code does not match specified source language, Input: the fitnessgram pacer test, SourceLanguage: python, DetectedLanguage: \"AHHHHH\", DesiredLanguage: c","timestamp":"2024-03-26T22:18:59.708Z"}
{"level":"error","message":"Error: Input code does not match specified source language, Input: language mismatch, SourceLanguage: cplusplus, DetectedLanguage: python, DesiredLanguage: java","timestamp":"2024-03-26T22:18:59.713Z"}
{"level":"error","message":"Error: Input code does not match specified source language, Input: the fitnessgram pacer test, SourceLanguage: python, DetectedLanguage: \"AHHHHH\", DesiredLanguage: c","timestamp":"2024-03-26T23:05:32.122Z"}
{"level":"error","message":"Error: Input code does not match specified source language, Input: language mismatch, SourceLanguage: cplusplus, DetectedLanguage: python, DesiredLanguage: java","timestamp":"2024-03-26T23:05:32.126Z"}
{"level":"error","message":"Error: Input code does not match specified source language, Input: the fitnessgram pacer test, SourceLanguage: python, DetectedLanguage: \"AHHHHH\", DesiredLanguage: c","timestamp":"2024-03-26T23:19:01.345Z"}
{"level":"error","message":"Error: Input code does not match specified source language, Input: language mismatch, SourceLanguage: cplusplus, DetectedLanguage: python, DesiredLanguage: java","timestamp":"2024-03-26T23:19:01.347Z"}
{"level":"error","message":"Error: Input code does not match specified source language, Input: the fitnessgram pacer test, SourceLanguage: python, DetectedLanguage: \"AHHHHH\", DesiredLanguage: c","timestamp":"2024-03-26T23:23:59.410Z"}
{"level":"error","message":"Error: Input code does not match specified source language, Input: language mismatch, SourceLanguage: cplusplus, DetectedLanguage: python, DesiredLanguage: java","timestamp":"2024-03-26T23:23:59.412Z"}
{"level":"error","message":"Error: Input code does not match specified source language, Input: the fitnessgram pacer test, SourceLanguage: python, DetectedLanguage: \"AHHHHH\", DesiredLanguage: c","timestamp":"2024-03-26T23:33:29.852Z"}
{"level":"error","message":"Error: Input code does not match specified source language, Input: language mismatch, SourceLanguage: cplusplus, DetectedLanguage: python, DesiredLanguage: java","timestamp":"2024-03-26T23:33:29.853Z"}
{"level":"error","message":"Error: Input code does not match specified source language, Input: the fitnessgram pacer test, SourceLanguage: python, DetectedLanguage: \"AHHHHH\", DesiredLanguage: c","timestamp":"2024-03-26T23:34:44.681Z"}
{"level":"error","message":"Error: Input code does not match specified source language, Input: language mismatch, SourceLanguage: cplusplus, DetectedLanguage: python, DesiredLanguage: java","timestamp":"2024-03-26T23:34:44.683Z"}
